{"/home/nico.rose/Repo/playground-vRA-0/src/lib/requests.js":{"path":"/home/nico.rose/Repo/playground-vRA-0/src/lib/requests.js","s":{"1":1,"2":1,"3":1,"4":1,"5":1,"6":1,"7":1,"8":1,"9":1,"10":4,"11":1,"12":0,"13":1,"14":0,"15":0,"16":0,"17":0,"18":0,"19":0,"20":0,"21":0,"22":0,"23":0,"24":0,"25":0,"26":0,"27":0,"28":0,"29":1,"30":0,"31":0,"32":0,"33":0,"34":0,"35":0,"36":0,"37":1,"38":0,"39":0,"40":0,"41":0,"42":0,"43":0,"44":0,"45":0,"46":0,"47":0,"48":0,"49":0,"50":0,"51":1,"52":0,"53":0,"54":0,"55":0,"56":0,"57":0,"58":0,"59":1,"60":0,"61":0,"62":0,"63":0,"64":0,"65":0,"66":0,"67":1,"68":2,"69":2,"70":2,"71":1,"72":1},"b":{"1":[0,4],"2":[4,4],"3":[0,0],"4":[0,0],"5":[0,0],"6":[0,0],"7":[0,0],"8":[0,0],"9":[0,0],"10":[0,0],"11":[0,0],"12":[0,0],"13":[0,0],"14":[1,1]},"f":{"1":4,"2":0,"3":0,"4":0,"5":0,"6":0,"7":0,"8":0,"9":0,"10":0,"11":0,"12":0,"13":0,"14":0,"15":0,"16":2,"17":2},"fnMap":{"1":{"name":"_interopRequireDefault","line":0,"loc":{"start":{"line":0,"column":0},"end":{"line":0,"column":0}},"skip":true},"2":{"name":"showConfig","line":10,"loc":{"start":{"line":10,"column":14},"end":{"line":10,"column":26}}},"3":{"name":"getAll","line":16,"loc":{"start":{"line":16,"column":0},"end":{"line":16,"column":21}}},"4":{"name":"(anonymous_4)","line":30,"loc":{"start":{"line":30,"column":19},"end":{"line":30,"column":52}}},"5":{"name":"(anonymous_5)","line":37,"loc":{"start":{"line":37,"column":27},"end":{"line":37,"column":43}}},"6":{"name":"getByName","line":54,"loc":{"start":{"line":54,"column":0},"end":{"line":54,"column":30}}},"7":{"name":"(anonymous_7)","line":68,"loc":{"start":{"line":68,"column":19},"end":{"line":68,"column":52}}},"8":{"name":"submit","line":81,"loc":{"start":{"line":81,"column":0},"end":{"line":81,"column":40}}},"9":{"name":"(anonymous_9)","line":83,"loc":{"start":{"line":83,"column":45},"end":{"line":83,"column":72}}},"10":{"name":"(anonymous_10)","line":91,"loc":{"start":{"line":91,"column":29},"end":{"line":91,"column":60}}},"11":{"name":"(anonymous_11)","line":98,"loc":{"start":{"line":98,"column":44},"end":{"line":98,"column":71}}},"12":{"name":"getTemplate","line":108,"loc":{"start":{"line":108,"column":0},"end":{"line":108,"column":31}}},"13":{"name":"(anonymous_13)","line":122,"loc":{"start":{"line":122,"column":19},"end":{"line":122,"column":52}}},"14":{"name":"sendRequest","line":135,"loc":{"start":{"line":135,"column":0},"end":{"line":135,"column":37}}},"15":{"name":"(anonymous_15)","line":149,"loc":{"start":{"line":149,"column":19},"end":{"line":149,"column":52}}},"16":{"name":"getObjectFromKey","line":161,"loc":{"start":{"line":161,"column":0},"end":{"line":161,"column":44}}},"17":{"name":"(anonymous_17)","line":162,"loc":{"start":{"line":162,"column":49},"end":{"line":162,"column":62}}}},"statementMap":{"1":{"start":{"line":1,"column":0},"end":{"line":null,"column":null}},"2":{"start":{"line":0,"column":0},"end":{"line":0,"column":0},"skip":true},"3":{"start":{"line":2,"column":0},"end":{"line":null,"column":null}},"4":{"start":{"line":0,"column":0},"end":{"line":0,"column":0},"skip":true},"5":{"start":{"line":3,"column":0},"end":{"line":null,"column":null}},"6":{"start":{"line":0,"column":0},"end":{"line":0,"column":0},"skip":true},"7":{"start":{"line":4,"column":0},"end":{"line":null,"column":null}},"8":{"start":{"line":0,"column":0},"end":{"line":0,"column":0},"skip":true},"9":{"start":{"line":0,"column":0},"end":{"line":0,"column":0},"skip":true},"10":{"start":{"line":0,"column":0},"end":{"line":0,"column":0},"skip":true},"11":{"start":{"line":6,"column":0},"end":{"line":null,"column":null}},"12":{"start":{"line":11,"column":12},"end":{"line":null,"column":null}},"13":{"start":{"line":16,"column":0},"end":{"line":null,"column":null}},"14":{"start":{"line":17,"column":6},"end":{"line":null,"column":null}},"15":{"start":{"line":30,"column":10},"end":{"line":null,"column":null}},"16":{"start":{"line":31,"column":8},"end":{"line":null,"column":null}},"17":{"start":{"line":32,"column":9},"end":{"line":null,"column":null}},"18":{"start":{"line":35,"column":8},"end":{"line":null,"column":null}},"19":{"start":{"line":36,"column":10},"end":{"line":null,"column":null}},"20":{"start":{"line":37,"column":11},"end":{"line":null,"column":null}},"21":{"start":{"line":38,"column":12},"end":{"line":null,"column":null}},"22":{"start":{"line":39,"column":12},"end":{"line":null,"column":null}},"23":{"start":{"line":40,"column":12},"end":{"line":null,"column":null}},"24":{"start":{"line":41,"column":12},"end":{"line":null,"column":null}},"25":{"start":{"line":42,"column":12},"end":{"line":null,"column":null}},"26":{"start":{"line":45,"column":14},"end":{"line":null,"column":null}},"27":{"start":{"line":47,"column":9},"end":{"line":null,"column":null}},"28":{"start":{"line":49,"column":9},"end":{"line":null,"column":null}},"29":{"start":{"line":54,"column":0},"end":{"line":null,"column":null}},"30":{"start":{"line":55,"column":6},"end":{"line":null,"column":null}},"31":{"start":{"line":68,"column":10},"end":{"line":null,"column":null}},"32":{"start":{"line":69,"column":8},"end":{"line":null,"column":null}},"33":{"start":{"line":70,"column":13},"end":{"line":null,"column":null}},"34":{"start":{"line":73,"column":8},"end":{"line":null,"column":null}},"35":{"start":{"line":74,"column":9},"end":{"line":null,"column":null}},"36":{"start":{"line":76,"column":9},"end":{"line":null,"column":null}},"37":{"start":{"line":81,"column":0},"end":{"line":null,"column":null}},"38":{"start":{"line":82,"column":10},"end":{"line":null,"column":null}},"39":{"start":{"line":83,"column":12},"end":{"line":null,"column":null}},"40":{"start":{"line":84,"column":8},"end":{"line":null,"column":null}},"41":{"start":{"line":85,"column":13},"end":{"line":null,"column":null}},"42":{"start":{"line":88,"column":8},"end":{"line":null,"column":null}},"43":{"start":{"line":89,"column":8},"end":{"line":null,"column":null}},"44":{"start":{"line":91,"column":16},"end":{"line":null,"column":null}},"45":{"start":{"line":92,"column":10},"end":{"line":null,"column":null}},"46":{"start":{"line":93,"column":15},"end":{"line":null,"column":null}},"47":{"start":{"line":98,"column":18},"end":{"line":null,"column":null}},"48":{"start":{"line":99,"column":12},"end":{"line":null,"column":null}},"49":{"start":{"line":100,"column":17},"end":{"line":null,"column":null}},"50":{"start":{"line":102,"column":11},"end":{"line":null,"column":null}},"51":{"start":{"line":108,"column":0},"end":{"line":null,"column":null}},"52":{"start":{"line":109,"column":6},"end":{"line":null,"column":null}},"53":{"start":{"line":122,"column":10},"end":{"line":null,"column":null}},"54":{"start":{"line":123,"column":8},"end":{"line":null,"column":null}},"55":{"start":{"line":124,"column":13},"end":{"line":null,"column":null}},"56":{"start":{"line":127,"column":8},"end":{"line":null,"column":null}},"57":{"start":{"line":128,"column":9},"end":{"line":null,"column":null}},"58":{"start":{"line":130,"column":9},"end":{"line":null,"column":null}},"59":{"start":{"line":135,"column":0},"end":{"line":null,"column":null}},"60":{"start":{"line":136,"column":6},"end":{"line":null,"column":null}},"61":{"start":{"line":149,"column":10},"end":{"line":null,"column":null}},"62":{"start":{"line":150,"column":8},"end":{"line":null,"column":null}},"63":{"start":{"line":151,"column":13},"end":{"line":null,"column":null}},"64":{"start":{"line":153,"column":8},"end":{"line":null,"column":null}},"65":{"start":{"line":154,"column":9},"end":{"line":null,"column":null}},"66":{"start":{"line":156,"column":9},"end":{"line":null,"column":null}},"67":{"start":{"line":161,"column":0},"end":{"line":null,"column":null}},"68":{"start":{"line":162,"column":6},"end":{"line":null,"column":null}},"69":{"start":{"line":163,"column":11},"end":{"line":null,"column":null}},"70":{"start":{"line":166,"column":6},"end":{"line":null,"column":null}},"71":{"start":{"line":167,"column":11},"end":{"line":null,"column":null}},"72":{"start":{"line":169,"column":9},"end":{"line":null,"column":null}}},"branchMap":{"1":{"line":0,"type":"cond-expr","locations":[{"start":{"line":0,"column":0},"end":{"line":0,"column":0},"skip":true},{"start":{"line":0,"column":0},"end":{"line":0,"column":0},"skip":true}]},"2":{"line":0,"type":"binary-expr","locations":[{"start":{"line":0,"column":0},"end":{"line":0,"column":0},"skip":true},{"start":{"line":0,"column":0},"end":{"line":0,"column":0},"skip":true}]},"3":{"line":31,"type":"if","locations":[{"start":{"line":31,"column":8},"end":{"line":31,"column":8}},{"start":{"line":31,"column":8},"end":{"line":31,"column":8}}]},"4":{"line":35,"type":"if","locations":[{"start":{"line":35,"column":8},"end":{"line":35,"column":8}},{"start":{"line":35,"column":8},"end":{"line":35,"column":8}}]},"5":{"line":69,"type":"if","locations":[{"start":{"line":69,"column":8},"end":{"line":69,"column":8}},{"start":{"line":69,"column":8},"end":{"line":69,"column":8}}]},"6":{"line":73,"type":"if","locations":[{"start":{"line":73,"column":8},"end":{"line":73,"column":8}},{"start":{"line":73,"column":8},"end":{"line":73,"column":8}}]},"7":{"line":84,"type":"if","locations":[{"start":{"line":84,"column":8},"end":{"line":84,"column":8}},{"start":{"line":84,"column":8},"end":{"line":84,"column":8}}]},"8":{"line":92,"type":"if","locations":[{"start":{"line":92,"column":10},"end":{"line":92,"column":10}},{"start":{"line":92,"column":10},"end":{"line":92,"column":10}}]},"9":{"line":99,"type":"if","locations":[{"start":{"line":99,"column":12},"end":{"line":99,"column":12}},{"start":{"line":99,"column":12},"end":{"line":99,"column":12}}]},"10":{"line":123,"type":"if","locations":[{"start":{"line":123,"column":8},"end":{"line":123,"column":8}},{"start":{"line":123,"column":8},"end":{"line":123,"column":8}}]},"11":{"line":127,"type":"if","locations":[{"start":{"line":127,"column":8},"end":{"line":127,"column":8}},{"start":{"line":127,"column":8},"end":{"line":127,"column":8}}]},"12":{"line":150,"type":"if","locations":[{"start":{"line":150,"column":8},"end":{"line":150,"column":8}},{"start":{"line":150,"column":8},"end":{"line":150,"column":8}}]},"13":{"line":153,"type":"if","locations":[{"start":{"line":153,"column":8},"end":{"line":153,"column":8}},{"start":{"line":153,"column":8},"end":{"line":153,"column":8}}]},"14":{"line":166,"type":"if","locations":[{"start":{"line":166,"column":6},"end":{"line":166,"column":6}},{"start":{"line":166,"column":6},"end":{"line":166,"column":6}}]}}},"/home/nico.rose/Repo/playground-vRA-0/src/lib/config/index.js":{"path":"/home/nico.rose/Repo/playground-vRA-0/src/lib/config/index.js","s":{"1":1},"b":{},"f":{},"fnMap":{},"statementMap":{"1":{"start":{"line":1,"column":0},"end":{"line":null,"column":null}}},"branchMap":{}}}