TN:
SF:/home/nico.rose/Repo/playground-vRA-0/src/lib/requests.js
FN:10,showConfig
FN:16,getAll
FN:30,(anonymous_4)
FN:37,(anonymous_5)
FN:54,getByName
FN:68,(anonymous_7)
FN:81,submit
FN:83,(anonymous_9)
FN:91,(anonymous_10)
FN:98,(anonymous_11)
FN:108,getTemplate
FN:122,(anonymous_13)
FN:135,sendRequest
FN:149,(anonymous_15)
FN:161,getObjectFromKey
FN:162,(anonymous_17)
FNF:16
FNH:2
FNDA:0,showConfig
FNDA:0,getAll
FNDA:0,(anonymous_4)
FNDA:0,(anonymous_5)
FNDA:0,getByName
FNDA:0,(anonymous_7)
FNDA:0,submit
FNDA:0,(anonymous_9)
FNDA:0,(anonymous_10)
FNDA:0,(anonymous_11)
FNDA:0,getTemplate
FNDA:0,(anonymous_13)
FNDA:0,sendRequest
FNDA:0,(anonymous_15)
FNDA:2,getObjectFromKey
FNDA:2,(anonymous_17)
DA:1,1
DA:2,1
DA:3,1
DA:4,1
DA:6,1
DA:11,0
DA:16,1
DA:17,0
DA:30,0
DA:31,0
DA:32,0
DA:35,0
DA:36,0
DA:37,0
DA:38,0
DA:39,0
DA:40,0
DA:41,0
DA:42,0
DA:45,0
DA:47,0
DA:49,0
DA:54,1
DA:55,0
DA:68,0
DA:69,0
DA:70,0
DA:73,0
DA:74,0
DA:76,0
DA:81,1
DA:82,0
DA:83,0
DA:84,0
DA:85,0
DA:88,0
DA:89,0
DA:91,0
DA:92,0
DA:93,0
DA:98,0
DA:99,0
DA:100,0
DA:102,0
DA:108,1
DA:109,0
DA:122,0
DA:123,0
DA:124,0
DA:127,0
DA:128,0
DA:130,0
DA:135,1
DA:136,0
DA:149,0
DA:150,0
DA:151,0
DA:153,0
DA:154,0
DA:156,0
DA:161,1
DA:162,2
DA:163,2
DA:166,2
DA:167,1
DA:169,1
LF:66
LH:16
BRDA:31,3,0,0
BRDA:31,3,1,0
BRDA:35,4,0,0
BRDA:35,4,1,0
BRDA:69,5,0,0
BRDA:69,5,1,0
BRDA:73,6,0,0
BRDA:73,6,1,0
BRDA:84,7,0,0
BRDA:84,7,1,0
BRDA:92,8,0,0
BRDA:92,8,1,0
BRDA:99,9,0,0
BRDA:99,9,1,0
BRDA:123,10,0,0
BRDA:123,10,1,0
BRDA:127,11,0,0
BRDA:127,11,1,0
BRDA:150,12,0,0
BRDA:150,12,1,0
BRDA:153,13,0,0
BRDA:153,13,1,0
BRDA:166,14,0,1
BRDA:166,14,1,1
BRF:24
BRH:2
end_of_record
TN:
SF:/home/nico.rose/Repo/playground-vRA-0/src/lib/config/index.js
FNF:0
FNH:0
DA:1,1
LF:1
LH:1
BRF:0
BRH:0
end_of_record
