TN:
SF:/home/nico.rose/Repo/playground-vRA-0/src/lib/requests.js
FN:10,showConfig
FN:18,getAllCatalogItems
FN:32,(anonymous_3)
FN:39,(anonymous_4)
FN:56,getByName
FN:70,(anonymous_6)
FN:83,submit
FN:84,(anonymous_8)
FN:92,(anonymous_9)
FN:102,(anonymous_10)
FN:112,getTemplate
FN:126,(anonymous_12)
FN:139,sendRequest
FN:153,(anonymous_14)
FN:165,get
FN:178,(anonymous_16)
FN:197,getAll
FN:210,(anonymous_18)
FN:222,getObjectFromKey
FN:223,(anonymous_20)
FNF:20
FNH:2
FNDA:0,showConfig
FNDA:0,getAllCatalogItems
FNDA:0,(anonymous_3)
FNDA:0,(anonymous_4)
FNDA:0,getByName
FNDA:0,(anonymous_6)
FNDA:0,submit
FNDA:0,(anonymous_8)
FNDA:0,(anonymous_9)
FNDA:0,(anonymous_10)
FNDA:0,getTemplate
FNDA:0,(anonymous_12)
FNDA:0,sendRequest
FNDA:0,(anonymous_14)
FNDA:0,get
FNDA:0,(anonymous_16)
FNDA:0,getAll
FNDA:0,(anonymous_18)
FNDA:2,getObjectFromKey
FNDA:2,(anonymous_20)
DA:1,1
DA:2,1
DA:3,1
DA:4,1
DA:6,1
DA:11,0
DA:19,0
DA:32,0
DA:33,0
DA:34,0
DA:37,0
DA:38,0
DA:39,0
DA:40,0
DA:41,0
DA:42,0
DA:43,0
DA:44,0
DA:47,0
DA:49,0
DA:51,0
DA:57,0
DA:70,0
DA:71,0
DA:72,0
DA:75,0
DA:76,0
DA:78,0
DA:84,0
DA:85,0
DA:86,0
DA:89,0
DA:90,0
DA:92,0
DA:93,0
DA:94,0
DA:97,0
DA:98,0
DA:99,0
DA:100,0
DA:102,0
DA:103,0
DA:104,0
DA:106,0
DA:113,0
DA:126,0
DA:127,0
DA:128,0
DA:131,0
DA:132,0
DA:134,0
DA:140,0
DA:153,0
DA:154,0
DA:155,0
DA:157,0
DA:158,0
DA:160,0
DA:166,0
DA:178,0
DA:179,0
DA:180,0
DA:182,0
DA:183,0
DA:184,0
DA:185,0
DA:190,0
DA:192,0
DA:198,0
DA:210,0
DA:211,0
DA:212,0
DA:214,0
DA:215,0
DA:217,0
DA:223,2
DA:224,2
DA:227,2
DA:228,1
DA:230,1
LF:80
LH:10
BRDA:33,0,0,0
BRDA:33,0,1,0
BRDA:37,1,0,0
BRDA:37,1,1,0
BRDA:71,2,0,0
BRDA:71,2,1,0
BRDA:75,3,0,0
BRDA:75,3,1,0
BRDA:85,4,0,0
BRDA:85,4,1,0
BRDA:93,5,0,0
BRDA:93,5,1,0
BRDA:103,6,0,0
BRDA:103,6,1,0
BRDA:127,7,0,0
BRDA:127,7,1,0
BRDA:131,8,0,0
BRDA:131,8,1,0
BRDA:154,9,0,0
BRDA:154,9,1,0
BRDA:157,10,0,0
BRDA:157,10,1,0
BRDA:179,11,0,0
BRDA:179,11,1,0
BRDA:182,12,0,0
BRDA:182,12,1,0
BRDA:184,13,0,0
BRDA:184,13,1,0
BRDA:211,14,0,0
BRDA:211,14,1,0
BRDA:214,15,0,0
BRDA:214,15,1,0
BRDA:227,16,0,1
BRDA:227,16,1,1
BRF:34
BRH:2
end_of_record
TN:
SF:/home/nico.rose/Repo/playground-vRA-0/src/lib/config/index.js
FNF:0
FNH:0
DA:1,1
LF:1
LH:1
BRF:0
BRH:0
end_of_record
